rm -f baseline_float auto_float omp_simd_float baseline_double omp_simd_double
rm -f report/raw/omp_simd_float_vec_report.txt report/raw/baseline_float_vec_report.txt
mkdir -p report/raw
gcc -std=c11 -Wall -Wextra -Wpedantic -O1 -fno-tree-vectorize -DVARIANT_NAME=\"baseline_float\" -DTYPE_NAME=\"float\" -DDATA_TYPE=float vector_add_typed.c -o baseline_float  -lm
gcc -std=c11 -Wall -Wextra -Wpedantic -O1 -ftree-vectorize -DVARIANT_NAME=\"auto_float\" -DTYPE_NAME=\"float\" -DDATA_TYPE=float vector_add_typed.c -o auto_float  -lm
gcc -std=c11 -Wall -Wextra -Wpedantic -O1 -fopenmp-simd -fno-tree-vectorize -DUSE_OMP_SIMD -DVARIANT_NAME=\"omp_simd_float\" -DTYPE_NAME=\"float\" -DDATA_TYPE=float vector_add_typed.c -o omp_simd_float  -lm
gcc -std=c11 -Wall -Wextra -Wpedantic -O1 -fno-tree-vectorize -DVARIANT_NAME=\"baseline_double\" -DTYPE_NAME=\"double\" -DDATA_TYPE=double vector_add_typed.c -o baseline_double  -lm
gcc -std=c11 -Wall -Wextra -Wpedantic -O1 -fopenmp-simd -fno-tree-vectorize -DUSE_OMP_SIMD -DVARIANT_NAME=\"omp_simd_double\" -DTYPE_NAME=\"double\" -DDATA_TYPE=double vector_add_typed.c -o omp_simd_double  -lm
rm -f /tmp/vector_add_ex2_probe /tmp/vector_add_ex2_report /tmp/vector_add_ex2_baseline_report
./baseline_float 16 8
variant=baseline_float type=float size=16 repetitions=8 elapsed_seconds=0.000000269 checksum=32.000000000000 expected_checksum=32.000000000000 sample0=2.000000000000 samplemid=2.000000000000 samplelast=2.000000000000 expected_value=2.000000000000 status=ok
./auto_float 16 8
variant=auto_float type=float size=16 repetitions=8 elapsed_seconds=0.000000154 checksum=32.000000000000 expected_checksum=32.000000000000 sample0=2.000000000000 samplemid=2.000000000000 samplelast=2.000000000000 expected_value=2.000000000000 status=ok
./omp_simd_float 16 8
variant=omp_simd_float type=float size=16 repetitions=8 elapsed_seconds=0.000000168 checksum=32.000000000000 expected_checksum=32.000000000000 sample0=2.000000000000 samplemid=2.000000000000 samplelast=2.000000000000 expected_value=2.000000000000 status=ok
./baseline_double 16 8
variant=baseline_double type=double size=16 repetitions=8 elapsed_seconds=0.000000258 checksum=32.000000000000 expected_checksum=32.000000000000 sample0=2.000000000000 samplemid=2.000000000000 samplelast=2.000000000000 expected_value=2.000000000000 status=ok
./omp_simd_double 16 8
variant=omp_simd_double type=double size=16 repetitions=8 elapsed_seconds=0.000000203 checksum=32.000000000000 expected_checksum=32.000000000000 sample0=2.000000000000 samplemid=2.000000000000 samplelast=2.000000000000 expected_value=2.000000000000 status=ok
Finished. Results written to results
