rm -f serial critical atomic reduction
gcc -std=gnu11 -Wall -Wextra -Werror -O3 -fopenmp    serial.c  -lm -o serial
gcc -std=gnu11 -Wall -Wextra -Werror -O3 -fopenmp    critical.c  -lm -o critical
gcc -std=gnu11 -Wall -Wextra -Werror -O3 -fopenmp    atomic.c  -lm -o atomic
gcc -std=gnu11 -Wall -Wextra -Werror -O3 -fopenmp    reduction.c  -lm -o reduction
starte: variant=serial threads=1 run=1/5
variant=serial threads=1 n=700000000 pi=3.141543377143 elapsed_seconds=10.306567
fertig: variant=serial threads=1 run=1/5 elapsed=10.306567s
starte: variant=serial threads=1 run=2/5
variant=serial threads=1 n=700000000 pi=3.141543377143 elapsed_seconds=10.358704
fertig: variant=serial threads=1 run=2/5 elapsed=10.358704s
starte: variant=serial threads=1 run=3/5
variant=serial threads=1 n=700000000 pi=3.141543377143 elapsed_seconds=10.317538
fertig: variant=serial threads=1 run=3/5 elapsed=10.317538s
starte: variant=serial threads=1 run=4/5
variant=serial threads=1 n=700000000 pi=3.141543377143 elapsed_seconds=10.309024
fertig: variant=serial threads=1 run=4/5 elapsed=10.309024s
starte: variant=serial threads=1 run=5/5
variant=serial threads=1 n=700000000 pi=3.141543377143 elapsed_seconds=10.354379
fertig: variant=serial threads=1 run=5/5 elapsed=10.354379s
starte: variant=critical threads=1 run=1/5
variant=critical threads=1 n=700000000 pi=3.141643760000 elapsed_seconds=13.078544
fertig: variant=critical threads=1 run=1/5 elapsed=13.078544s
starte: variant=critical threads=1 run=2/5
variant=critical threads=1 n=700000000 pi=3.141643760000 elapsed_seconds=13.016350
fertig: variant=critical threads=1 run=2/5 elapsed=13.016350s
starte: variant=critical threads=1 run=3/5
variant=critical threads=1 n=700000000 pi=3.141643760000 elapsed_seconds=13.074368
fertig: variant=critical threads=1 run=3/5 elapsed=13.074368s
starte: variant=critical threads=1 run=4/5
variant=critical threads=1 n=700000000 pi=3.141643760000 elapsed_seconds=13.040788
fertig: variant=critical threads=1 run=4/5 elapsed=13.040788s
starte: variant=critical threads=1 run=5/5
variant=critical threads=1 n=700000000 pi=3.141643760000 elapsed_seconds=13.080566
fertig: variant=critical threads=1 run=5/5 elapsed=13.080566s
starte: variant=critical threads=4 run=1/5
variant=critical threads=4 n=700000000 pi=3.141452302857 elapsed_seconds=87.859687
fertig: variant=critical threads=4 run=1/5 elapsed=87.859687s
starte: variant=critical threads=4 run=2/5
variant=critical threads=4 n=700000000 pi=3.141452302857 elapsed_seconds=80.161164
fertig: variant=critical threads=4 run=2/5 elapsed=80.161164s
starte: variant=critical threads=4 run=3/5
variant=critical threads=4 n=700000000 pi=3.141452302857 elapsed_seconds=80.083964
fertig: variant=critical threads=4 run=3/5 elapsed=80.083964s
starte: variant=critical threads=4 run=4/5
variant=critical threads=4 n=700000000 pi=3.141452302857 elapsed_seconds=79.458138
fertig: variant=critical threads=4 run=4/5 elapsed=79.458138s
starte: variant=critical threads=4 run=5/5
variant=critical threads=4 n=700000000 pi=3.141452302857 elapsed_seconds=80.556768
fertig: variant=critical threads=4 run=5/5 elapsed=80.556768s
starte: variant=critical threads=8 run=1/5
variant=critical threads=8 n=700000000 pi=3.141413034286 elapsed_seconds=116.644069
fertig: variant=critical threads=8 run=1/5 elapsed=116.644069s
starte: variant=critical threads=8 run=2/5
variant=critical threads=8 n=700000000 pi=3.141413034286 elapsed_seconds=117.793269
fertig: variant=critical threads=8 run=2/5 elapsed=117.793269s
starte: variant=critical threads=8 run=3/5
variant=critical threads=8 n=700000000 pi=3.141413034286 elapsed_seconds=116.784357
fertig: variant=critical threads=8 run=3/5 elapsed=116.784357s
starte: variant=critical threads=8 run=4/5
variant=critical threads=8 n=700000000 pi=3.141413034286 elapsed_seconds=117.449099
fertig: variant=critical threads=8 run=4/5 elapsed=117.449099s
starte: variant=critical threads=8 run=5/5
variant=critical threads=8 n=700000000 pi=3.141413034286 elapsed_seconds=116.265317
fertig: variant=critical threads=8 run=5/5 elapsed=116.265317s
starte: variant=critical threads=12 run=1/5
variant=critical threads=12 n=700000000 pi=3.141459748571 elapsed_seconds=130.384966
fertig: variant=critical threads=12 run=1/5 elapsed=130.384966s
starte: variant=critical threads=12 run=2/5
variant=critical threads=12 n=700000000 pi=3.141459748571 elapsed_seconds=130.269603
fertig: variant=critical threads=12 run=2/5 elapsed=130.269603s
starte: variant=critical threads=12 run=3/5
variant=critical threads=12 n=700000000 pi=3.141459748571 elapsed_seconds=131.133847
fertig: variant=critical threads=12 run=3/5 elapsed=131.133847s
starte: variant=critical threads=12 run=4/5
variant=critical threads=12 n=700000000 pi=3.141459748571 elapsed_seconds=130.529857
fertig: variant=critical threads=12 run=4/5 elapsed=130.529857s
starte: variant=critical threads=12 run=5/5
variant=critical threads=12 n=700000000 pi=3.141459748571 elapsed_seconds=130.519957
fertig: variant=critical threads=12 run=5/5 elapsed=130.519957s
starte: variant=atomic threads=1 run=1/5
variant=atomic threads=1 n=700000000 pi=3.141643760000 elapsed_seconds=13.123281
fertig: variant=atomic threads=1 run=1/5 elapsed=13.123281s
starte: variant=atomic threads=1 run=2/5
variant=atomic threads=1 n=700000000 pi=3.141643760000 elapsed_seconds=13.160904
fertig: variant=atomic threads=1 run=2/5 elapsed=13.160904s
starte: variant=atomic threads=1 run=3/5
variant=atomic threads=1 n=700000000 pi=3.141643760000 elapsed_seconds=13.120634
fertig: variant=atomic threads=1 run=3/5 elapsed=13.120634s
starte: variant=atomic threads=1 run=4/5
variant=atomic threads=1 n=700000000 pi=3.141643760000 elapsed_seconds=13.133287
fertig: variant=atomic threads=1 run=4/5 elapsed=13.133287s
starte: variant=atomic threads=1 run=5/5
variant=atomic threads=1 n=700000000 pi=3.141643760000 elapsed_seconds=13.120336
fertig: variant=atomic threads=1 run=5/5 elapsed=13.120336s
starte: variant=atomic threads=4 run=1/5
variant=atomic threads=4 n=700000000 pi=3.141452302857 elapsed_seconds=17.995146
fertig: variant=atomic threads=4 run=1/5 elapsed=17.995146s
starte: variant=atomic threads=4 run=2/5
variant=atomic threads=4 n=700000000 pi=3.141452302857 elapsed_seconds=19.628349
fertig: variant=atomic threads=4 run=2/5 elapsed=19.628349s
starte: variant=atomic threads=4 run=3/5
variant=atomic threads=4 n=700000000 pi=3.141452302857 elapsed_seconds=19.336035
fertig: variant=atomic threads=4 run=3/5 elapsed=19.336035s
starte: variant=atomic threads=4 run=4/5
variant=atomic threads=4 n=700000000 pi=3.141452302857 elapsed_seconds=19.356004
fertig: variant=atomic threads=4 run=4/5 elapsed=19.356004s
starte: variant=atomic threads=4 run=5/5
variant=atomic threads=4 n=700000000 pi=3.141452302857 elapsed_seconds=10.728800
fertig: variant=atomic threads=4 run=5/5 elapsed=10.728800s
starte: variant=atomic threads=8 run=1/5
variant=atomic threads=8 n=700000000 pi=3.141413034286 elapsed_seconds=19.083951
fertig: variant=atomic threads=8 run=1/5 elapsed=19.083951s
starte: variant=atomic threads=8 run=2/5
variant=atomic threads=8 n=700000000 pi=3.141413034286 elapsed_seconds=18.791583
fertig: variant=atomic threads=8 run=2/5 elapsed=18.791583s
starte: variant=atomic threads=8 run=3/5
variant=atomic threads=8 n=700000000 pi=3.141413034286 elapsed_seconds=19.367847
fertig: variant=atomic threads=8 run=3/5 elapsed=19.367847s
starte: variant=atomic threads=8 run=4/5
variant=atomic threads=8 n=700000000 pi=3.141413034286 elapsed_seconds=19.339878
fertig: variant=atomic threads=8 run=4/5 elapsed=19.339878s
starte: variant=atomic threads=8 run=5/5
variant=atomic threads=8 n=700000000 pi=3.141413034286 elapsed_seconds=18.168982
fertig: variant=atomic threads=8 run=5/5 elapsed=18.168982s
starte: variant=atomic threads=12 run=1/5
variant=atomic threads=12 n=700000000 pi=3.141459748571 elapsed_seconds=17.927908
fertig: variant=atomic threads=12 run=1/5 elapsed=17.927908s
starte: variant=atomic threads=12 run=2/5
variant=atomic threads=12 n=700000000 pi=3.141459748571 elapsed_seconds=43.714860
fertig: variant=atomic threads=12 run=2/5 elapsed=43.714860s
starte: variant=atomic threads=12 run=3/5
variant=atomic threads=12 n=700000000 pi=3.141459748571 elapsed_seconds=17.932364
fertig: variant=atomic threads=12 run=3/5 elapsed=17.932364s
starte: variant=atomic threads=12 run=4/5
variant=atomic threads=12 n=700000000 pi=3.141459748571 elapsed_seconds=18.014226
fertig: variant=atomic threads=12 run=4/5 elapsed=18.014226s
starte: variant=atomic threads=12 run=5/5
variant=atomic threads=12 n=700000000 pi=3.141459748571 elapsed_seconds=19.008014
fertig: variant=atomic threads=12 run=5/5 elapsed=19.008014s
starte: variant=reduction threads=1 run=1/5
variant=reduction threads=1 n=700000000 pi=3.141643760000 elapsed_seconds=10.354460
fertig: variant=reduction threads=1 run=1/5 elapsed=10.354460s
starte: variant=reduction threads=1 run=2/5
variant=reduction threads=1 n=700000000 pi=3.141643760000 elapsed_seconds=10.337712
fertig: variant=reduction threads=1 run=2/5 elapsed=10.337712s
starte: variant=reduction threads=1 run=3/5
variant=reduction threads=1 n=700000000 pi=3.141643760000 elapsed_seconds=10.337248
fertig: variant=reduction threads=1 run=3/5 elapsed=10.337248s
starte: variant=reduction threads=1 run=4/5
variant=reduction threads=1 n=700000000 pi=3.141643760000 elapsed_seconds=10.308518
fertig: variant=reduction threads=1 run=4/5 elapsed=10.308518s
starte: variant=reduction threads=1 run=5/5
variant=reduction threads=1 n=700000000 pi=3.141643760000 elapsed_seconds=10.305195
fertig: variant=reduction threads=1 run=5/5 elapsed=10.305195s
starte: variant=reduction threads=4 run=1/5
variant=reduction threads=4 n=700000000 pi=3.141452302857 elapsed_seconds=2.613264
fertig: variant=reduction threads=4 run=1/5 elapsed=2.613264s
starte: variant=reduction threads=4 run=2/5
variant=reduction threads=4 n=700000000 pi=3.141452302857 elapsed_seconds=2.650023
fertig: variant=reduction threads=4 run=2/5 elapsed=2.650023s
starte: variant=reduction threads=4 run=3/5
variant=reduction threads=4 n=700000000 pi=3.141452302857 elapsed_seconds=2.653033
fertig: variant=reduction threads=4 run=3/5 elapsed=2.653033s
starte: variant=reduction threads=4 run=4/5
variant=reduction threads=4 n=700000000 pi=3.141452302857 elapsed_seconds=2.689586
fertig: variant=reduction threads=4 run=4/5 elapsed=2.689586s
starte: variant=reduction threads=4 run=5/5
variant=reduction threads=4 n=700000000 pi=3.141452302857 elapsed_seconds=2.689199
fertig: variant=reduction threads=4 run=5/5 elapsed=2.689199s
starte: variant=reduction threads=8 run=1/5
variant=reduction threads=8 n=700000000 pi=3.141413034286 elapsed_seconds=1.347744
fertig: variant=reduction threads=8 run=1/5 elapsed=1.347744s
starte: variant=reduction threads=8 run=2/5
variant=reduction threads=8 n=700000000 pi=3.141413034286 elapsed_seconds=1.347305
fertig: variant=reduction threads=8 run=2/5 elapsed=1.347305s
starte: variant=reduction threads=8 run=3/5
variant=reduction threads=8 n=700000000 pi=3.141413034286 elapsed_seconds=1.347815
fertig: variant=reduction threads=8 run=3/5 elapsed=1.347815s
starte: variant=reduction threads=8 run=4/5
variant=reduction threads=8 n=700000000 pi=3.141413034286 elapsed_seconds=1.348625
fertig: variant=reduction threads=8 run=4/5 elapsed=1.348625s
starte: variant=reduction threads=8 run=5/5
variant=reduction threads=8 n=700000000 pi=3.141413034286 elapsed_seconds=1.348573
fertig: variant=reduction threads=8 run=5/5 elapsed=1.348573s
starte: variant=reduction threads=12 run=1/5
variant=reduction threads=12 n=700000000 pi=3.141459748571 elapsed_seconds=0.901554
fertig: variant=reduction threads=12 run=1/5 elapsed=0.901554s
starte: variant=reduction threads=12 run=2/5
variant=reduction threads=12 n=700000000 pi=3.141459748571 elapsed_seconds=0.899286
fertig: variant=reduction threads=12 run=2/5 elapsed=0.899286s
starte: variant=reduction threads=12 run=3/5
variant=reduction threads=12 n=700000000 pi=3.141459748571 elapsed_seconds=0.912487
fertig: variant=reduction threads=12 run=3/5 elapsed=0.912487s
starte: variant=reduction threads=12 run=4/5
variant=reduction threads=12 n=700000000 pi=3.141459748571 elapsed_seconds=1.365229
fertig: variant=reduction threads=12 run=4/5 elapsed=1.365229s
starte: variant=reduction threads=12 run=5/5
variant=reduction threads=12 n=700000000 pi=3.141459748571 elapsed_seconds=1.013287
fertig: variant=reduction threads=12 run=5/5 elapsed=1.013287s
Fertig. Ergebnisse stehen in results/time_results.csv
