rm -f real_seq real_omp
gcc -std=c99 -O3 -g original/wtime.c original/real.c original/randdp.c original/print_results.c original/c_timers.c -lm -o real_seq
gcc -std=c99 -O3 -g -fopenmp wtime.c real.c randdp.c print_results.c c_timers.c -lm -o real_omp
Sequential reference
Sequential reference run


 Benchmark

 No input file. Using compiled defaults 
 Size:  256x 256x 256  (class B)
 Iterations:                     20

  iter   1
  iter   5
  iter  10
  iter  15
  iter  20

 Benchmark completed
 VERIFICATION SUCCESSFUL
 L2 Norm is  1.8005644013551E-06
 Error is    6.6330115975290E-14


 Benchmark Completed.
 Class           =                        B
 Size            =            256x 256x 256
 Iterations      =                       20
 Operation type  =           floating point
 Verification    =               SUCCESSFUL
 Version         =                    3.3.1
WALL_TIME_SECONDS 6.87

OpenMP with 1 thread(s)


 Benchmark

 No input file. Using compiled defaults 
 Size:  256x 256x 256  (class B)
 Iterations:                     20

  iter   1
  iter   5
  iter  10
  iter  15
  iter  20

 Benchmark completed
 VERIFICATION SUCCESSFUL
 L2 Norm is  1.8005644013551E-06
 Error is    6.6330115975290E-14


 Benchmark Completed.
 Class           =                        B
 Size            =            256x 256x 256
 Iterations      =                       20
 Operation type  =           floating point
 Verification    =               SUCCESSFUL
 Version         =                    3.3.1
WALL_TIME_SECONDS 7.12

OpenMP with 2 thread(s)


 Benchmark

 No input file. Using compiled defaults 
 Size:  256x 256x 256  (class B)
 Iterations:                     20

  iter   1
  iter   5
  iter  10
  iter  15
  iter  20

 Benchmark completed
 VERIFICATION SUCCESSFUL
 L2 Norm is  1.8005644013552E-06
 Error is    1.0419943750728E-13


 Benchmark Completed.
 Class           =                        B
 Size            =            256x 256x 256
 Iterations      =                       20
 Operation type  =           floating point
 Verification    =               SUCCESSFUL
 Version         =                    3.3.1
WALL_TIME_SECONDS 4.66

OpenMP with 6 thread(s)


 Benchmark

 No input file. Using compiled defaults 
 Size:  256x 256x 256  (class B)
 Iterations:                     20

  iter   1
  iter   5
  iter  10
  iter  15
  iter  20

 Benchmark completed
 VERIFICATION SUCCESSFUL
 L2 Norm is  1.8005644013552E-06
 Error is    1.0596353633641E-13


 Benchmark Completed.
 Class           =                        B
 Size            =            256x 256x 256
 Iterations      =                       20
 Operation type  =           floating point
 Verification    =               SUCCESSFUL
 Version         =                    3.3.1
WALL_TIME_SECONDS 4.41

OpenMP with 12 thread(s)


 Benchmark

 No input file. Using compiled defaults 
 Size:  256x 256x 256  (class B)
 Iterations:                     20

  iter   1
  iter   5
  iter  10
  iter  15
  iter  20

 Benchmark completed
 VERIFICATION SUCCESSFUL
 L2 Norm is  1.8005644013552E-06
 Error is    8.9733827108416E-14


 Benchmark Completed.
 Class           =                        B
 Size            =            256x 256x 256
 Iterations      =                       20
 Operation type  =           floating point
 Verification    =               SUCCESSFUL
 Version         =                    3.3.1
WALL_TIME_SECONDS 2.89
