rm -f real_seq real_omp
gcc -std=c99 -O3 -g original/wtime.c original/real.c original/randdp.c original/print_results.c original/c_timers.c -lm -o real_seq
gcc -std=c99 -O3 -g -fopenmp wtime.c real.c randdp.c print_results.c c_timers.c -lm -o real_omp
Sequential reference
Sequential reference run


 Benchmark

 No input file. Using compiled defaults 
 Size:  256x 256x 256  (class B)
 Iterations:                     20

  iter   1
  iter   5
  iter  10
  iter  15
  iter  20

 Benchmark completed
 VERIFICATION SUCCESSFUL
 L2 Norm is  1.8005644013551E-06
 Error is    6.6330115975290E-14


 Benchmark Completed.
 Class           =                        B
 Size            =            256x 256x 256
 Iterations      =                       20
 Operation type  =           floating point
 Verification    =               SUCCESSFUL
 Version         =                    3.3.1
  SECTION   Time (secs)
  benchmk :    5.325  (100.00%)
  mg3P    :    3.963  ( 74.41%)
  psinv   :    1.328  ( 24.93%)
  resid   :    2.664  ( 50.03%)
    --> mg-resid:    1.353  ( 25.41%)
  rprj3   :    0.643  ( 12.08%)
  interp  :    0.488  (  9.17%)
  norm2   :    0.052  (  0.97%)
  comm3   :    0.101  (  1.89%)
WALL_TIME_SECONDS 6.88

OpenMP with 1 thread(s)


 Benchmark

 No input file. Using compiled defaults 
 Size:  256x 256x 256  (class B)
 Iterations:                     20

  iter   1
  iter   5
  iter  10
  iter  15
  iter  20

 Benchmark completed
 VERIFICATION SUCCESSFUL
 L2 Norm is  1.8005644013551E-06
 Error is    6.6330115975290E-14


 Benchmark Completed.
 Class           =                        B
 Size            =            256x 256x 256
 Iterations      =                       20
 Operation type  =           floating point
 Verification    =               SUCCESSFUL
 Version         =                    3.3.1
  SECTION   Time (secs)
  benchmk :    5.513  (100.00%)
  mg3P    :    4.068  ( 73.78%)
  psinv   :    1.347  ( 24.43%)
  resid   :    2.735  ( 49.61%)
    --> mg-resid:    1.388  ( 25.17%)
  rprj3   :    0.650  ( 11.78%)
  interp  :    0.496  (  9.00%)
  norm2   :    0.098  (  1.78%)
  comm3   :    0.101  (  1.83%)
WALL_TIME_SECONDS 7.17

OpenMP with 2 thread(s)


 Benchmark

 No input file. Using compiled defaults 
 Size:  256x 256x 256  (class B)
 Iterations:                     20

  iter   1
  iter   5
  iter  10
  iter  15
  iter  20

 Benchmark completed
 VERIFICATION SUCCESSFUL
 L2 Norm is  1.8005644013552E-06
 Error is    1.0419943750728E-13


 Benchmark Completed.
 Class           =                        B
 Size            =            256x 256x 256
 Iterations      =                       20
 Operation type  =           floating point
 Verification    =               SUCCESSFUL
 Version         =                    3.3.1
  SECTION   Time (secs)
  benchmk :    3.369  (100.00%)
  mg3P    :    2.458  ( 72.94%)
  psinv   :    0.748  ( 22.19%)
  resid   :    1.723  ( 51.14%)
    --> mg-resid:    0.861  ( 25.55%)
  rprj3   :    0.360  ( 10.69%)
  interp  :    0.343  ( 10.18%)
  norm2   :    0.049  (  1.47%)
  comm3   :    0.101  (  3.00%)
WALL_TIME_SECONDS 4.76

OpenMP with 6 thread(s)


 Benchmark

 No input file. Using compiled defaults 
 Size:  256x 256x 256  (class B)
 Iterations:                     20

  iter   1
  iter   5
  iter  10
  iter  15
  iter  20

 Benchmark completed
 VERIFICATION SUCCESSFUL
 L2 Norm is  1.8005644013552E-06
 Error is    1.0608114292502E-13


 Benchmark Completed.
 Class           =                        B
 Size            =            256x 256x 256
 Iterations      =                       20
 Operation type  =           floating point
 Verification    =               SUCCESSFUL
 Version         =                    3.3.1
  SECTION   Time (secs)
  benchmk :    3.080  (100.00%)
  mg3P    :    2.175  ( 70.61%)
  psinv   :    0.627  ( 20.34%)
  resid   :    1.741  ( 56.53%)
    --> mg-resid:    0.854  ( 27.72%)
  rprj3   :    0.242  (  7.87%)
  interp  :    0.314  ( 10.19%)
  norm2   :    0.018  (  0.58%)
  comm3   :    0.106  (  3.44%)
WALL_TIME_SECONDS 4.40

OpenMP with 12 thread(s)


 Benchmark

 No input file. Using compiled defaults 
 Size:  256x 256x 256  (class B)
 Iterations:                     20

  iter   1
  iter   5
  iter  10
  iter  15
  iter  20

 Benchmark completed
 VERIFICATION SUCCESSFUL
 L2 Norm is  1.8005644013552E-06
 Error is    8.9733827108416E-14


 Benchmark Completed.
 Class           =                        B
 Size            =            256x 256x 256
 Iterations      =                       20
 Operation type  =           floating point
 Verification    =               SUCCESSFUL
 Version         =                    3.3.1
  SECTION   Time (secs)
  benchmk :    1.678  (100.00%)
  mg3P    :    1.192  ( 71.06%)
  psinv   :    0.338  ( 20.12%)
  resid   :    0.896  ( 53.40%)
    --> mg-resid:    0.420  ( 25.02%)
  rprj3   :    0.133  (  7.93%)
  interp  :    0.153  (  9.11%)
  norm2   :    0.009  (  0.56%)
  comm3   :    0.132  (  7.86%)
WALL_TIME_SECONDS 2.90
