rm -f real_seq real_omp
gcc -std=c99 -O3 -g original/wtime.c original/real.c original/randdp.c original/print_results.c original/c_timers.c -lm -o real_seq
gcc -std=c99 -O3 -g -fopenmp wtime.c real.c randdp.c print_results.c c_timers.c -lm -o real_omp
Sequential reference


 Benchmark

 No input file. Using compiled defaults 
 Size:  256x 256x 256  (class B)
 Iterations:                     20

  iter   1
  iter   5
  iter  10
  iter  15
  iter  20

 Benchmark completed
 VERIFICATION SUCCESSFUL
 L2 Norm is  1.8005644013551E-06
 Error is    6.6330115975290E-14


 Benchmark Completed.
 Class           =                        B
 Size            =            256x 256x 256
 Iterations      =                       20
 Operation type  =           floating point
 Verification    =               SUCCESSFUL
 Version         =                    3.3.1
  SECTION   Time (secs)
  benchmk :    5.347  (100.00%)
  mg3P    :    3.982  ( 74.48%)
  psinv   :    1.334  ( 24.94%)
  resid   :    2.681  ( 50.15%)
    --> mg-resid:    1.369  ( 25.60%)
  rprj3   :    0.641  ( 11.98%)
  interp  :    0.489  (  9.15%)
  norm2   :    0.051  (  0.96%)
  comm3   :    0.100  (  1.88%)

OpenMP with 1 thread(s)


 Benchmark

 No input file. Using compiled defaults 
 Size:  256x 256x 256  (class B)
 Iterations:                     20

  iter   1
  iter   5
  iter  10
  iter  15
  iter  20

 Benchmark completed
 VERIFICATION SUCCESSFUL
 L2 Norm is  1.8005644013551E-06
 Error is    6.6330115975290E-14


 Benchmark Completed.
 Class           =                        B
 Size            =            256x 256x 256
 Iterations      =                       20
 Operation type  =           floating point
 Verification    =               SUCCESSFUL
 Version         =                    3.3.1
  SECTION   Time (secs)
  benchmk :    5.559  (100.00%)
  mg3P    :    4.102  ( 73.79%)
  psinv   :    1.357  ( 24.41%)
  resid   :    2.770  ( 49.83%)
    --> mg-resid:    1.411  ( 25.39%)
  rprj3   :    0.649  ( 11.68%)
  interp  :    0.497  (  8.94%)
  norm2   :    0.098  (  1.77%)
  comm3   :    0.101  (  1.82%)

OpenMP with 2 thread(s)


 Benchmark

 No input file. Using compiled defaults 
 Size:  256x 256x 256  (class B)
 Iterations:                     20

  iter   1
  iter   5
  iter  10
  iter  15
  iter  20

 Benchmark completed
 VERIFICATION SUCCESSFUL
 L2 Norm is  1.8005644013552E-06
 Error is    1.0419943750728E-13


 Benchmark Completed.
 Class           =                        B
 Size            =            256x 256x 256
 Iterations      =                       20
 Operation type  =           floating point
 Verification    =               SUCCESSFUL
 Version         =                    3.3.1
  SECTION   Time (secs)
  benchmk :    3.519  (100.00%)
  mg3P    :    2.562  ( 72.81%)
  psinv   :    0.778  ( 22.11%)
  resid   :    1.806  ( 51.31%)
    --> mg-resid:    0.900  ( 25.57%)
  rprj3   :    0.375  ( 10.67%)
  interp  :    0.358  ( 10.18%)
  norm2   :    0.051  (  1.44%)
  comm3   :    0.105  (  2.99%)

OpenMP with 6 thread(s)


 Benchmark

 No input file. Using compiled defaults 
 Size:  256x 256x 256  (class B)
 Iterations:                     20

  iter   1
  iter   5
  iter  10
  iter  15
  iter  20

 Benchmark completed
 VERIFICATION SUCCESSFUL
 L2 Norm is  1.8005644013552E-06
 Error is    1.0608114292502E-13


 Benchmark Completed.
 Class           =                        B
 Size            =            256x 256x 256
 Iterations      =                       20
 Operation type  =           floating point
 Verification    =               SUCCESSFUL
 Version         =                    3.3.1
  SECTION   Time (secs)
  benchmk :    3.095  (100.00%)
  mg3P    :    2.191  ( 70.78%)
  psinv   :    0.637  ( 20.59%)
  resid   :    1.739  ( 56.17%)
    --> mg-resid:    0.852  ( 27.53%)
  rprj3   :    0.245  (  7.92%)
  interp  :    0.316  ( 10.22%)
  norm2   :    0.018  (  0.58%)
  comm3   :    0.106  (  3.42%)

OpenMP with 12 thread(s)


 Benchmark

 No input file. Using compiled defaults 
 Size:  256x 256x 256  (class B)
 Iterations:                     20

  iter   1
  iter   5
  iter  10
  iter  15
  iter  20

 Benchmark completed
 VERIFICATION SUCCESSFUL
 L2 Norm is  1.8005644013552E-06
 Error is    8.9733827108416E-14


 Benchmark Completed.
 Class           =                        B
 Size            =            256x 256x 256
 Iterations      =                       20
 Operation type  =           floating point
 Verification    =               SUCCESSFUL
 Version         =                    3.3.1
  SECTION   Time (secs)
  benchmk :    1.691  (100.00%)
  mg3P    :    1.202  ( 71.06%)
  psinv   :    0.343  ( 20.28%)
  resid   :    0.904  ( 53.44%)
    --> mg-resid:    0.424  ( 25.05%)
  rprj3   :    0.133  (  7.84%)
  interp  :    0.154  (  9.09%)
  norm2   :    0.009  (  0.55%)
  comm3   :    0.132  (  7.78%)
